<?xml version="1.0" encoding="UTF-8"?>
<!-- Generated by org.testng.reporters.JUnitXMLReporter -->
<testsuite hostname="WINDOWS-LK44MIA" failures="1" tests="42" name="simpleTest" time="2.333" errors="0" timestamp="12 Dec 2020 20:04:59 GMT">
  <testcase classname="rs.hooloovoo.test.CreateUserTest" name="aRegularCall" time="1.044"/>
  <testcase classname="rs.hooloovoo.test.CreateUserTest" name="aRegularCallSpecific" time="0.032"/>
  <testcase classname="rs.hooloovoo.test.CreateUserTest" name="aRegularCallSpecific" time="0.015"/>
  <testcase classname="rs.hooloovoo.test.CreateUserTest" name="aRegularCallSpecific" time="0.045"/>
  <testcase classname="rs.hooloovoo.test.CreateUserTest" name="aRegularCallSpecific" time="0.011">
    <failure type="java.lang.AssertionError" message="Bad response code:  expected:&amp;lt;201&amp;gt; but was:&amp;lt;400&amp;gt;">
      <![CDATA[java.lang.AssertionError: Bad response code:  expected:<201> but was:<400>
	at org.junit.Assert.fail(Assert.java:88)
	at org.junit.Assert.failNotEquals(Assert.java:834)
	at org.junit.Assert.assertEquals(Assert.java:645)
	at rs.hooloovoo.test.CreateUserTest.aRegularCallSpecific(CreateUserTest.java:92)
	at java.base/java.util.concurrent.ThreadPoolExecutor.runWorker(ThreadPoolExecutor.java:1128)
	at java.base/java.util.concurrent.ThreadPoolExecutor$Worker.run(ThreadPoolExecutor.java:628)
	at java.base/java.lang.Thread.run(Thread.java:834)
... Removed 10 stack frames]]>
    </failure>
  </testcase> <!-- aRegularCallSpecific -->
  <testcase classname="rs.hooloovoo.test.GetUserTest" name="aRegularCall" time="0.119"/>
  <testcase classname="rs.hooloovoo.test.CreateUserTest" name="aRegularCallSpecific" time="0.015"/>
  <testcase classname="rs.hooloovoo.test.CreateUserTest" name="aRegularCallSpecific" time="0.035"/>
  <testcase classname="rs.hooloovoo.test.CreateUserTest" name="aRegularCallSpecific" time="0.012"/>
  <testcase classname="rs.hooloovoo.test.CreateUserTest" name="aRegularCallSpecific" time="0.011"/>
  <testcase classname="rs.hooloovoo.test.CreateUserTest" name="alreadyUsedUsername" time="0.02"/>
  <testcase classname="rs.hooloovoo.test.CreateUserTest" name="usernameCheck" time="0.01"/>
  <testcase classname="rs.hooloovoo.test.CreateUserTest" name="usernameCheck" time="0.014"/>
  <testcase classname="rs.hooloovoo.test.CreateUserTest" name="usernameCheck" time="0.008"/>
  <testcase classname="rs.hooloovoo.test.CreateUserTest" name="usernameCheck" time="0.009"/>
  <testcase classname="rs.hooloovoo.test.GetAuditTest" name="aRegularCall" time="0.381"/>
  <testcase classname="rs.hooloovoo.test.CreateAuditTest" name="aRegularCallAllActions" time="0.382"/>
  <testcase classname="rs.hooloovoo.test.GetUserTest" name="allMethods" time="0.233"/>
  <testcase classname="rs.hooloovoo.test.GetUserTest" name="allMethods" time="0.012"/>
  <testcase classname="rs.hooloovoo.test.GetAuditTest" name="aRegularCallAllActions" time="0.038"/>
  <testcase classname="rs.hooloovoo.test.GetUserTest" name="allMethods" time="0.024"/>
  <testcase classname="rs.hooloovoo.test.GetUserTest" name="nonExitsingUser" time="0.017"/>
  <testcase classname="rs.hooloovoo.test.GetAuditTest" name="aRegularCallAllActions" time="0.041"/>
  <testcase classname="rs.hooloovoo.test.GetUserTest" name="usernameSpec" time="0.02"/>
  <testcase classname="rs.hooloovoo.test.GetAuditTest" name="aRegularCallAllActions" time="0.049"/>
  <testcase classname="rs.hooloovoo.test.GetUserTest" name="usernameToLowcase" time="0.011"/>
  <testcase classname="rs.hooloovoo.test.GetUserTest" name="usernameToUPcase" time="0.033"/>
  <testcase classname="rs.hooloovoo.test.GetAuditTest" name="aRegularCallAllActions" time="0.03"/>
  <testcase classname="rs.hooloovoo.test.GetAuditTest" name="allMethods" time="0.013"/>
  <testcase classname="rs.hooloovoo.test.GetAuditTest" name="allMethods" time="0.017"/>
  <testcase classname="rs.hooloovoo.test.CreateAuditTest" name="aRegularCallAllActions" time="0.053"/>
  <testcase classname="rs.hooloovoo.test.GetAuditTest" name="allMethods" time="0.021"/>
  <testcase classname="rs.hooloovoo.test.CreateAuditTest" name="aRegularCallAllActions" time="0.025"/>
  <testcase classname="rs.hooloovoo.test.CreateAuditTest" name="aRegularCallAllActions" time="0.038"/>
  <testcase classname="rs.hooloovoo.test.LoginTest" name="aRegularCall" time="0.008"/>
  <testcase classname="rs.hooloovoo.test.LoginTest" name="allMethods" time="0.01"/>
  <testcase classname="rs.hooloovoo.test.LoginTest" name="allMethods" time="0.009"/>
  <testcase classname="rs.hooloovoo.test.CreateAuditTest" name="allActionsOneUser" time="0.119"/>
  <testcase classname="rs.hooloovoo.test.CreateAuditTest" name="allMethods" time="0.009"/>
  <testcase classname="rs.hooloovoo.test.CreateAuditTest" name="allMethods" time="0.009"/>
  <testcase classname="rs.hooloovoo.test.CreateAuditTest" name="allMethods" time="0.009"/>
  <testcase classname="rs.hooloovoo.test.CreateAuditTest" name="sameActionsOneUser" time="0.119"/>
</testsuite> <!-- simpleTest -->
