<?xml version="1.0" encoding="UTF-8"?>
<testsuite xmlns:xsi="http://www.w3.org/2001/XMLSchema-instance" xsi:schemaLocation="https://maven.apache.org/surefire/maven-surefire-plugin/xsd/surefire-test-report.xsd" name="TestSuite" time="4.113" tests="42" errors="0" skipped="0" failures="1">
  <properties>
[...]
</properties>
  <testcase name="aRegularCall" classname="rs.hooloovoo.test.CreateUserTest" time="0.009"/>
  <testcase name="aRegularCallSpecific" classname="rs.hooloovoo.test.CreateUserTest" time="0.038"/>
  <testcase name="aRegularCallSpecific" classname="rs.hooloovoo.test.CreateUserTest" time="0.141"/>
  <testcase name="aRegularCallSpecific" classname="rs.hooloovoo.test.CreateUserTest" time="0"/>
  <testcase name="aRegularCallSpecific" classname="rs.hooloovoo.test.CreateUserTest" time="0.006">
    <failure message="Bad response code:  expected:&lt;201&gt; but was:&lt;400&gt;" type="java.lang.AssertionError"><![CDATA[java.lang.AssertionError: Bad response code:  expected:<201> but was:<400>
	at rs.hooloovoo.test.CreateUserTest.aRegularCallSpecific(CreateUserTest.java:92)
]]></failure>
  </testcase>
  <testcase name="aRegularCallSpecific" classname="rs.hooloovoo.test.CreateUserTest" time="0"/>
  <testcase name="aRegularCallSpecific" classname="rs.hooloovoo.test.CreateUserTest" time="0.022"/>
  <testcase name="aRegularCallSpecific" classname="rs.hooloovoo.test.CreateUserTest" time="0"/>
  <testcase name="aRegularCallSpecific" classname="rs.hooloovoo.test.CreateUserTest" time="0"/>
  <testcase name="aRegularCall" classname="rs.hooloovoo.test.GetUserTest" time="0"/>
  <testcase name="alreadyUsedUsername" classname="rs.hooloovoo.test.CreateUserTest" time="0.005"/>
  <testcase name="usernameCheck" classname="rs.hooloovoo.test.CreateUserTest" time="0.037"/>
  <testcase name="usernameCheck" classname="rs.hooloovoo.test.CreateUserTest" time="0.032"/>
  <testcase name="usernameCheck" classname="rs.hooloovoo.test.CreateUserTest" time="0.014"/>
  <testcase name="usernameCheck" classname="rs.hooloovoo.test.CreateUserTest" time="0.003"/>
  <testcase name="aRegularCallAllActions" classname="rs.hooloovoo.test.CreateAuditTest" time="0.065"/>
  <testcase name="aRegularCallAllActions" classname="rs.hooloovoo.test.CreateAuditTest" time="0.006"/>
  <testcase name="aRegularCallAllActions" classname="rs.hooloovoo.test.CreateAuditTest" time="0.002"/>
  <testcase name="aRegularCallAllActions" classname="rs.hooloovoo.test.CreateAuditTest" time="0.002"/>
  <testcase name="aRegularCall" classname="rs.hooloovoo.test.GetAuditTest" time="0.065"/>
  <testcase name="allMethods" classname="rs.hooloovoo.test.GetUserTest" time="0.067"/>
  <testcase name="allMethods" classname="rs.hooloovoo.test.GetUserTest" time="0"/>
  <testcase name="allMethods" classname="rs.hooloovoo.test.GetUserTest" time="0.014"/>
  <testcase name="aRegularCallAllActions" classname="rs.hooloovoo.test.GetAuditTest" time="0.014"/>
  <testcase name="aRegularCallAllActions" classname="rs.hooloovoo.test.GetAuditTest" time="0.014"/>
  <testcase name="aRegularCallAllActions" classname="rs.hooloovoo.test.GetAuditTest" time="0"/>
  <testcase name="aRegularCallAllActions" classname="rs.hooloovoo.test.GetAuditTest" time="0.029"/>
  <testcase name="nonExitsingUser" classname="rs.hooloovoo.test.GetUserTest" time="0"/>
  <testcase name="usernameSpec" classname="rs.hooloovoo.test.GetUserTest" time="0.004"/>
  <testcase name="usernameToLowcase" classname="rs.hooloovoo.test.GetUserTest" time="0"/>
  <testcase name="usernameToUPcase" classname="rs.hooloovoo.test.GetUserTest" time="0.004"/>
  <testcase name="allMethods" classname="rs.hooloovoo.test.GetAuditTest" time="0"/>
  <testcase name="allMethods" classname="rs.hooloovoo.test.GetAuditTest" time="0.059"/>
  <testcase name="allMethods" classname="rs.hooloovoo.test.GetAuditTest" time="0.008"/>
  <testcase name="aRegularCall" classname="rs.hooloovoo.test.LoginTest" time="0"/>
  <testcase name="allMethods" classname="rs.hooloovoo.test.LoginTest" time="0.003"/>
  <testcase name="allMethods" classname="rs.hooloovoo.test.LoginTest" time="0.005"/>
  <testcase name="allActionsOneUser" classname="rs.hooloovoo.test.CreateAuditTest" time="0.02"/>
  <testcase name="allMethods" classname="rs.hooloovoo.test.CreateAuditTest" time="0.001"/>
  <testcase name="allMethods" classname="rs.hooloovoo.test.CreateAuditTest" time="0.001"/>
  <testcase name="allMethods" classname="rs.hooloovoo.test.CreateAuditTest" time="0.001"/>
  <testcase name="sameActionsOneUser" classname="rs.hooloovoo.test.CreateAuditTest" time="0.006"/>
</testsuite>