<?xml version="1.0" encoding="UTF-8"?>
<testsuite xmlns:xsi="http://www.w3.org/2001/XMLSchema-instance" xsi:schemaLocation="https://maven.apache.org/surefire/maven-surefire-plugin/xsd/surefire-test-report.xsd" name="rs.hooloovoo.test.UsersTest" time="2.446" tests="2" errors="0" skipped="0" failures="0">
  <properties>
[...]
</properties>
  <testcase name="aRegularCall" classname="rs.hooloovoo.test.UsersTest" time="1.028"/>
  <testcase name="testUsers" classname="rs.hooloovoo.test.UsersTest" time="0.188"/>
</testsuite>